This is pdfTeX, Version 3.1415926-2.4-1.40.13 (TeX Live 2012) (format=pdflatex 2012.6.30)  7 JUL 2014 19:57
entering extended mode
 restricted \write18 enabled.
 %&-line parsing enabled.
**qmprop.tex
(./qmprop.tex
LaTeX2e <2011/06/27>
Babel <v3.8m> and hyphenation patterns for english, dumylang, nohyphenation, ge
rman-x-2012-05-30, ngerman-x-2012-05-30, afrikaans, ancientgreek, ibycus, arabi
c, armenian, basque, bulgarian, catalan, pinyin, coptic, croatian, czech, danis
h, dutch, ukenglish, usenglishmax, esperanto, estonian, ethiopic, farsi, finnis
h, french, friulan, galician, german, ngerman, swissgerman, monogreek, greek, h
ungarian, icelandic, assamese, bengali, gujarati, hindi, kannada, malayalam, ma
rathi, oriya, panjabi, tamil, telugu, indonesian, interlingua, irish, italian, 
kurmanji, latin, latvian, lithuanian, mongolian, mongolianlmc, bokmal, nynorsk,
 polish, portuguese, romanian, romansh, russian, sanskrit, serbian, serbianc, s
lovak, slovenian, spanish, swedish, turkish, turkmen, ukrainian, uppersorbian, 
welsh, loaded.
(/usr/local/texlive/2012/texmf-dist/tex/latex/elsarticle/elsarticle.cls
Document Class: elsarticle 2009/09/17, 1.2.0: Elsevier Ltd
\@bls=\dimen102
(/usr/local/texlive/2012/texmf-dist/tex/latex/base/article.cls
Document Class: article 2007/10/19 v1.4h Standard LaTeX document class
(/usr/local/texlive/2012/texmf-dist/tex/latex/base/size10.clo
File: size10.clo 2007/10/19 v1.4h Standard LaTeX file (size option)
)
\c@part=\count79
\c@section=\count80
\c@subsection=\count81
\c@subsubsection=\count82
\c@paragraph=\count83
\c@subparagraph=\count84
\c@figure=\count85
\c@table=\count86
\abovecaptionskip=\skip41
\belowcaptionskip=\skip42
\bibindent=\dimen103
)
(/usr/local/texlive/2012/texmf-dist/tex/latex/graphics/graphicx.sty
Package: graphicx 1999/02/16 v1.0f Enhanced LaTeX Graphics (DPC,SPQR)

(/usr/local/texlive/2012/texmf-dist/tex/latex/graphics/keyval.sty
Package: keyval 1999/03/16 v1.13 key=value parser (DPC)
\KV@toks@=\toks14
)
(/usr/local/texlive/2012/texmf-dist/tex/latex/graphics/graphics.sty
Package: graphics 2009/02/05 v1.0o Standard LaTeX Graphics (DPC,SPQR)

(/usr/local/texlive/2012/texmf-dist/tex/latex/graphics/trig.sty
Package: trig 1999/03/16 v1.09 sin cos tan (DPC)
)
(/usr/local/texlive/2012/texmf-dist/tex/latex/latexconfig/graphics.cfg
File: graphics.cfg 2010/04/23 v1.9 graphics configuration of TeX Live
)
Package graphics Info: Driver file: pdftex.def on input line 91.

(/usr/local/texlive/2012/texmf-dist/tex/latex/pdftex-def/pdftex.def
File: pdftex.def 2011/05/27 v0.06d Graphics/color for pdfTeX

(/usr/local/texlive/2012/texmf-dist/tex/generic/oberdiek/infwarerr.sty
Package: infwarerr 2010/04/08 v1.3 Providing info/warning/error messages (HO)
)
(/usr/local/texlive/2012/texmf-dist/tex/generic/oberdiek/ltxcmds.sty
Package: ltxcmds 2011/11/09 v1.22 LaTeX kernel commands for general use (HO)
)
\Gread@gobject=\count87
))
\Gin@req@height=\dimen104
\Gin@req@width=\dimen105
)
(/usr/local/texlive/2012/texmf-dist/tex/latex/psnfss/pifont.sty
Package: pifont 2005/04/12 PSNFSS-v9.2a Pi font support (SPQR) 
LaTeX Font Info:    Try loading font information for U+pzd on input line 63.

(/usr/local/texlive/2012/texmf-dist/tex/latex/psnfss/upzd.fd
File: upzd.fd 2001/06/04 font definitions for U/pzd.
)
LaTeX Font Info:    Try loading font information for U+psy on input line 64.

(/usr/local/texlive/2012/texmf-dist/tex/latex/psnfss/upsy.fd
File: upsy.fd 2001/06/04 font definitions for U/psy.
))
\c@tnote=\count88
\c@fnote=\count89
\c@cnote=\count90
\c@ead=\count91
\c@author=\count92
\@eadauthor=\toks15
\c@affn=\count93
\absbox=\box26
\keybox=\box27
\Columnwidth=\dimen106
\space@left=\dimen107
\els@boxa=\box28
\els@boxb=\box29
\leftMargin=\dimen108
\@enLab=\toks16
\@sep=\skip43
\@@sep=\skip44
 (./qmprop.spl)
(/usr/local/texlive/2012/texmf-dist/tex/latex/natbib/natbib.sty
Package: natbib 2010/09/13 8.31b (PWD, AO)
\bibhang=\skip45
\bibsep=\skip46
LaTeX Info: Redefining \cite on input line 694.
\c@NAT@ctr=\count94
)
\splwrite=\write3
\openout3 = `qmprop.spl'.

)
(/usr/local/texlive/2012/texmf-dist/tex/latex/tools/array.sty
Package: array 2008/09/09 v2.4c Tabular extension package (FMi)
\col@sep=\dimen109
\extrarowheight=\dimen110
\NC@list=\toks17
\extratabsurround=\skip47
\backup@length=\skip48
)
(/usr/local/texlive/2012/texmf-dist/tex/latex/supertabular/supertabular.sty
Package: supertabular 2004/02/20 v4.1e the supertabular environment
\c@tracingst=\count95
\ST@wd=\dimen111
\ST@rightskip=\skip49
\ST@leftskip=\skip50
\ST@parfillskip=\skip51
\ST@pageleft=\dimen112
\ST@headht=\dimen113
\ST@tailht=\dimen114
\ST@pagesofar=\dimen115
\ST@pboxht=\dimen116
\ST@lineht=\dimen117
\ST@stretchht=\dimen118
\ST@prevht=\dimen119
\ST@toadd=\dimen120
\ST@dimen=\dimen121
\ST@pbox=\box30
)
(/usr/local/texlive/2012/texmf-dist/tex/latex/graphics/color.sty
Package: color 2005/11/14 v1.0j Standard LaTeX Color (DPC)

(/usr/local/texlive/2012/texmf-dist/tex/latex/latexconfig/color.cfg
File: color.cfg 2007/01/18 v1.5 color configuration of teTeX/TeXLive
)
Package color Info: Driver file: pdftex.def on input line 130.
)
(/usr/local/texlive/2012/texmf-dist/tex/latex/amsmath/amsmath.sty
Package: amsmath 2000/07/18 v2.13 AMS math features
\@mathmargin=\skip52

For additional information on amsmath, use the `?' option.
(/usr/local/texlive/2012/texmf-dist/tex/latex/amsmath/amstext.sty
Package: amstext 2000/06/29 v2.01

(/usr/local/texlive/2012/texmf-dist/tex/latex/amsmath/amsgen.sty
File: amsgen.sty 1999/11/30 v2.0
\@emptytoks=\toks18
\ex@=\dimen122
))
(/usr/local/texlive/2012/texmf-dist/tex/latex/amsmath/amsbsy.sty
Package: amsbsy 1999/11/29 v1.2d
\pmbraise@=\dimen123
)
(/usr/local/texlive/2012/texmf-dist/tex/latex/amsmath/amsopn.sty
Package: amsopn 1999/12/14 v2.01 operator names
)
\inf@bad=\count96
LaTeX Info: Redefining \frac on input line 211.
\uproot@=\count97
\leftroot@=\count98
LaTeX Info: Redefining \overline on input line 307.
\classnum@=\count99
\DOTSCASE@=\count100
LaTeX Info: Redefining \ldots on input line 379.
LaTeX Info: Redefining \dots on input line 382.
LaTeX Info: Redefining \cdots on input line 467.
\Mathstrutbox@=\box31
\strutbox@=\box32
\big@size=\dimen124
LaTeX Font Info:    Redeclaring font encoding OML on input line 567.
LaTeX Font Info:    Redeclaring font encoding OMS on input line 568.
\macc@depth=\count101
\c@MaxMatrixCols=\count102
\dotsspace@=\muskip10
\c@parentequation=\count103
\dspbrk@lvl=\count104
\tag@help=\toks19
\row@=\count105
\column@=\count106
\maxfields@=\count107
\andhelp@=\toks20
\eqnshift@=\dimen125
\alignsep@=\dimen126
\tagshift@=\dimen127
\tagwidth@=\dimen128
\totwidth@=\dimen129
\lineht@=\dimen130
\@envbody=\toks21
\multlinegap=\skip53
\multlinetaggap=\skip54
\mathdisplay@stack=\toks22
LaTeX Info: Redefining \[ on input line 2666.
LaTeX Info: Redefining \] on input line 2667.
)
(/usr/local/texlive/2012/texmf-dist/tex/latex/amsfonts/amssymb.sty
Package: amssymb 2009/06/22 v3.00

(/usr/local/texlive/2012/texmf-dist/tex/latex/amsfonts/amsfonts.sty
Package: amsfonts 2009/06/22 v3.00 Basic AMSFonts support
\symAMSa=\mathgroup4
\symAMSb=\mathgroup5
LaTeX Font Info:    Overwriting math alphabet `\mathfrak' in version `bold'
(Font)                  U/euf/m/n --> U/euf/b/n on input line 96.
))
(/usr/local/texlive/2012/texmf-dist/tex/latex/oberdiek/epstopdf.sty
Package: epstopdf 2010/02/09 v2.5 Conversion with epstopdf on the fly (HO)

(/usr/local/texlive/2012/texmf-dist/tex/latex/oberdiek/epstopdf-base.sty
Package: epstopdf-base 2010/02/09 v2.5 Base part for package epstopdf

(/usr/local/texlive/2012/texmf-dist/tex/latex/oberdiek/grfext.sty
Package: grfext 2010/08/19 v1.1 Manage graphics extensions (HO)

(/usr/local/texlive/2012/texmf-dist/tex/generic/oberdiek/kvdefinekeys.sty
Package: kvdefinekeys 2011/04/07 v1.3 Define keys (HO)
))
(/usr/local/texlive/2012/texmf-dist/tex/latex/oberdiek/kvoptions.sty
Package: kvoptions 2011/06/30 v3.11 Key value format for package options (HO)

(/usr/local/texlive/2012/texmf-dist/tex/generic/oberdiek/kvsetkeys.sty
Package: kvsetkeys 2012/04/25 v1.16 Key value parser (HO)

(/usr/local/texlive/2012/texmf-dist/tex/generic/oberdiek/etexcmds.sty
Package: etexcmds 2011/02/16 v1.5 Avoid name clashes with e-TeX commands (HO)

(/usr/local/texlive/2012/texmf-dist/tex/generic/oberdiek/ifluatex.sty
Package: ifluatex 2010/03/01 v1.3 Provides the ifluatex switch (HO)
Package ifluatex Info: LuaTeX not detected.
)
Package etexcmds Info: Could not find \expanded.
(etexcmds)             That can mean that you are not using pdfTeX 1.50 or
(etexcmds)             that some package has redefined \expanded.
(etexcmds)             In the latter case, load this package earlier.
)))
(/usr/local/texlive/2012/texmf-dist/tex/generic/oberdiek/pdftexcmds.sty
Package: pdftexcmds 2011/11/29 v0.20 Utility functions of pdfTeX for LuaTeX (HO
)

(/usr/local/texlive/2012/texmf-dist/tex/generic/oberdiek/ifpdf.sty
Package: ifpdf 2011/01/30 v2.3 Provides the ifpdf switch (HO)
Package ifpdf Info: pdfTeX in PDF mode is detected.
)
Package pdftexcmds Info: LuaTeX not detected.
Package pdftexcmds Info: \pdf@primitive is available.
Package pdftexcmds Info: \pdf@ifprimitive is available.
Package pdftexcmds Info: \pdfdraftmode found.
)
Package grfext Info: Graphics extension search list:
(grfext)             [.png,.pdf,.jpg,.mps,.jpeg,.jbig2,.jb2,.PNG,.PDF,.JPG,.JPE
G,.JBIG2,.JB2,.eps]
(grfext)             \AppendGraphicsExtensions on input line 452.

(/usr/local/texlive/2012/texmf-dist/tex/latex/latexconfig/epstopdf-sys.cfg
File: epstopdf-sys.cfg 2010/07/13 v1.3 Configuration of (r)epstopdf for TeX Liv
e
)))
(./qmprop.aux)
\openout1 = `qmprop.aux'.

LaTeX Font Info:    Checking defaults for OML/cmm/m/it on input line 15.
LaTeX Font Info:    ... okay on input line 15.
LaTeX Font Info:    Checking defaults for T1/cmr/m/n on input line 15.
LaTeX Font Info:    ... okay on input line 15.
LaTeX Font Info:    Checking defaults for OT1/cmr/m/n on input line 15.
LaTeX Font Info:    ... okay on input line 15.
LaTeX Font Info:    Checking defaults for OMS/cmsy/m/n on input line 15.
LaTeX Font Info:    ... okay on input line 15.
LaTeX Font Info:    Checking defaults for OMX/cmex/m/n on input line 15.
LaTeX Font Info:    ... okay on input line 15.
LaTeX Font Info:    Checking defaults for U/cmr/m/n on input line 15.
LaTeX Font Info:    ... okay on input line 15.

(/usr/local/texlive/2012/texmf-dist/tex/context/base/supp-pdf.mkii
[Loading MPS to PDF converter (version 2006.09.02).]
\scratchcounter=\count108
\scratchdimen=\dimen131
\scratchbox=\box33
\nofMPsegments=\count109
\nofMParguments=\count110
\everyMPshowfont=\toks23
\MPscratchCnt=\count111
\MPscratchDim=\dimen132
\MPnumerator=\count112
\makeMPintoPDFobject=\count113
\everyMPtoPDFconversion=\toks24
)
Overfull \hbox (7.61179pt too wide) in paragraph at lines 37--43
\OT1/cmr/m/n/10 dependent Schr^^?odinger equa-tions within an adap-tive, dis-co
n-tin-u-ous, multi-wavelet
 []

LaTeX Font Info:    Try loading font information for U+msa on input line 60.
(/usr/local/texlive/2012/texmf-dist/tex/latex/amsfonts/umsa.fd
File: umsa.fd 2009/06/22 v3.00 AMS symbols A
)
LaTeX Font Info:    Try loading font information for U+msb on input line 60.

(/usr/local/texlive/2012/texmf-dist/tex/latex/amsfonts/umsb.fd
File: umsb.fd 2009/06/22 v3.00 AMS symbols B
)
Overfull \hbox (4.55621pt too wide) in paragraph at lines 61--68
\OT1/cmr/m/n/10 the com-plete treat-ment of molec-u-lar hy-dro-gen in an in-ten
se, elliptically-polarized,
 []

[1


{/usr/local/texlive/2012/texmf-var/fonts/map/pdftex/updmap/pdftex.map}]
Overfull \hbox (0.75523pt too wide) in paragraph at lines 81--91
\OT1/cmr/m/n/10 un-bounded fre-quen-cies. The Green's func-tion of the time-dep
endent Schr^^?odinger
 []

[2] [3] [4] <freePP.pdf, id=29, 578.16pt x 216.81pt>
File: freePP.pdf Graphic file (type pdf)
 <use freePP.pdf>
Package pdftex.def Info: freePP.pdf used on input line 188.
(pdftex.def)             Requested size: 325.215pt x 121.95532pt.
 [5 <./freePP.pdf>] [6] <freeSpace.pdf, id=51, 707.64375pt x 759.83875pt>
File: freeSpace.pdf Graphic file (type pdf)

<use freeSpace.pdf>
Package pdftex.def Info: freeSpace.pdf used on input line 249.
(pdftex.def)             Requested size: 404.72165pt x 505.90091pt.

Overfull \hbox (18.58144pt too wide) in paragraph at lines 248--255
[]  []
 []

<errorT100.pdf, id=52, 589.20125pt x 404.51125pt>
File: errorT100.pdf Graphic file (type pdf)
 <use errorT100.pdf>
Package pdftex.def Info: errorT100.pdf used on input line 260.
(pdftex.def)             Requested size: 361.34999pt x 248.08472pt.

Overfull \hbox (16.34999pt too wide) in paragraph at lines 260--261
[][] 
 []

[7] [8 <./freeSpace.pdf>] [9 <./errorT100.pdf>]
Overfull \hbox (5.32622pt too wide) detected at line 344
\OML/cmm/m/it/10  \OT1/cmr/m/n/10 (\OML/cmm/m/it/10 x; t\OT1/cmr/m/n/10 ) = [] 
\OML/cmm/m/it/10 dx[]G[]\OT1/cmr/m/n/10 (\OML/cmm/m/it/10 x \OMS/cmsy/m/n/10 ^^
@ \OML/cmm/m/it/10 x[]; t\OT1/cmr/m/n/10 )\OML/cmm/m/it/10  \OT1/cmr/m/n/10 (\O
ML/cmm/m/it/10 x; \OT1/cmr/m/n/10 0) \OMS/cmsy/m/n/10 ^^@ \OML/cmm/m/it/10 i []
[] dt[] [] dx[]G[]\OT1/cmr/m/n/10 (\OML/cmm/m/it/10 x \OMS/cmsy/m/n/10 ^^@ \OML
/cmm/m/it/10 x[]; t \OMS/cmsy/m/n/10 ^^@ \OML/cmm/m/it/10 t[]\OT1/cmr/m/n/10 )\
OML/cmm/m/it/10 V\OT1/cmr/m/n/10 (\OML/cmm/m/it/10 x[]; t[]\OT1/cmr/m/n/10 )\OM
L/cmm/m/it/10  \OT1/cmr/m/n/10 (\OML/cmm/m/it/10 x[]; t[]\OT1/cmr/m/n/10 )\OML/
cmm/m/it/10 :
 []

[10]
Overfull \hbox (0.76395pt too wide) detected at line 412
[] []
 []

[11] [12] <error-norm-2.pdf, id=91, 540.0175pt x 405.515pt>
File: error-norm-2.pdf Graphic file (type pdf)

<use error-norm-2.pdf>
Package pdftex.def Info: error-norm-2.pdf used on input line 504.
(pdftex.def)             Requested size: 163.60506pt x 122.85876pt.
 <error-norm-qc.pdf, id=92, 540.0175pt x 405.515pt>
File: error-norm-qc.pdf Graphic file (type pdf)

<use error-norm-qc.pdf>
Package pdftex.def Info: error-norm-qc.pdf used on input line 505.
(pdftex.def)             Requested size: 163.60506pt x 122.85876pt.
 [13] <energy-norms.pdf, id=97, 540.0175pt x 405.515pt>
File: energy-norms.pdf Graphic file (type pdf)

<use energy-norms.pdf>
Package pdftex.def Info: energy-norms.pdf used on input line 525.
(pdftex.def)             Requested size: 169.83449pt x 158.99791pt.
 <norms.pdf, id=98, 540.0175pt x 405.515pt>
File: norms.pdf Graphic file (type pdf)

<use norms.pdf>
Package pdftex.def Info: norms.pdf used on input line 526.
(pdftex.def)             Requested size: 169.83449pt x 158.99791pt.
 [14 <./error-norm-2.pdf> <./error-norm-qc.pdf>]
<ncoeff1.pdf, id=122, 519.9425pt x 408.52625pt>
File: ncoeff1.pdf Graphic file (type pdf)
 <use ncoeff1.pdf>
Package pdftex.def Info: ncoeff1.pdf used on input line 549.
(pdftex.def)             Requested size: 183.95808pt x 144.54pt.

<ncoeff2.pdf, id=123, 519.9425pt x 408.52625pt>
File: ncoeff2.pdf Graphic file (type pdf)
 <use ncoeff2.pdf>
Package pdftex.def Info: ncoeff2.pdf used on input line 550.
(pdftex.def)             Requested size: 169.82822pt x 144.5385pt.

Overfull \hbox (11.00851pt too wide) in paragraph at lines 549--554
[][] [] 
 []

[15 <./energy-norms.pdf> <./norms.pdf> <./ncoeff1.pdf> <./ncoeff2.pdf>]
<depth.jpg, id=153, 635.37375pt x 1053.9375pt>
File: depth.jpg Graphic file (type jpg)
 <use depth.jpg>
Package pdftex.def Info: depth.jpg used on input line 603.
(pdftex.def)             Requested size: 130.08621pt x 215.78519pt.
 [16]
<error_accu4.pdf, id=157, 960.58875pt x 427.5975pt>
File: error_accu4.pdf Graphic file (type pdf)
 <use error_accu4.pdf>
Package pdftex.def Info: error_accu4.pdf used on input line 623.
(pdftex.def)             Requested size: 361.34999pt x 160.85106pt.

Overfull \hbox (16.34999pt too wide) in paragraph at lines 623--624
 [][] 
 []

<error_accu13.pdf, id=158, 629.35126pt x 288.07625pt>
File: error_accu13.pdf Graphic file (type pdf)
 <use error_accu13.pdf>
Package pdftex.def Info: error_accu13.pdf used on input line 630.
(pdftex.def)             Requested size: 361.34999pt x 165.40079pt.

Overfull \hbox (16.34999pt too wide) in paragraph at lines 630--631
 [][] 
 []

[17 <./depth.jpg>] <tSclConv.pdf, id=162, 520.34402pt x 346.89601pt>
File: tSclConv.pdf Graphic file (type pdf)

<use tSclConv.pdf>
Package pdftex.def Info: tSclConv.pdf used on input line 684.
(pdftex.def)             Requested size: 289.07999pt x 192.7307pt.
 [18 <./error_accu4.pdf>] [19 <./error_accu13.pdf> <./tSclConv.pdf>] [20] (./qm
prop.bbl [21]) [22] (./qmprop.aux) ) 
Here is how much of TeX's memory you used:
 3300 strings out of 493488
 43126 string characters out of 3141326
 106239 words of memory out of 3000000
 6524 multiletter control sequences out of 15000+200000
 11673 words of font info for 44 fonts, out of 3000000 for 9000
 957 hyphenation exceptions out of 8191
 42i,13n,30p,491b,269s stack positions out of 5000i,500n,10000p,200000b,50000s
</usr/local/texlive/2012/texmf-dist/fonts/t
ype1/public/amsfonts/cm/cmbx10.pfb></usr/local/texlive/2012/texmf-dist/fonts/ty
pe1/public/amsfonts/cm/cmex10.pfb></usr/local/texlive/2012/texmf-dist/fonts/typ
e1/public/amsfonts/cm/cmmi10.pfb></usr/local/texlive/2012/texmf-dist/fonts/type
1/public/amsfonts/cm/cmmi5.pfb></usr/local/texlive/2012/texmf-dist/fonts/type1/
public/amsfonts/cm/cmmi6.pfb></usr/local/texlive/2012/texmf-dist/fonts/type1/pu
blic/amsfonts/cm/cmmi7.pfb></usr/local/texlive/2012/texmf-dist/fonts/type1/publ
ic/amsfonts/cm/cmmi8.pfb></usr/local/texlive/2012/texmf-dist/fonts/type1/public
/amsfonts/cm/cmr10.pfb></usr/local/texlive/2012/texmf-dist/fonts/type1/public/a
msfonts/cm/cmr12.pfb></usr/local/texlive/2012/texmf-dist/fonts/type1/public/ams
fonts/cm/cmr5.pfb></usr/local/texlive/2012/texmf-dist/fonts/type1/public/amsfon
ts/cm/cmr6.pfb></usr/local/texlive/2012/texmf-dist/fonts/type1/public/amsfonts/
cm/cmr7.pfb></usr/local/texlive/2012/texmf-dist/fonts/type1/public/amsfonts/cm/
cmr8.pfb></usr/local/texlive/2012/texmf-dist/fonts/type1/public/amsfonts/cm/cms
y10.pfb></usr/local/texlive/2012/texmf-dist/fonts/type1/public/amsfonts/cm/cmsy
6.pfb></usr/local/texlive/2012/texmf-dist/fonts/type1/public/amsfonts/cm/cmsy7.
pfb></usr/local/texlive/2012/texmf-dist/fonts/type1/public/amsfonts/cm/cmsy8.pf
b></usr/local/texlive/2012/texmf-dist/fonts/type1/public/amsfonts/cm/cmti10.pfb
></usr/local/texlive/2012/texmf-dist/fonts/type1/public/amsfonts/cm/cmti8.pfb><
/usr/local/texlive/2012/texmf-dist/fonts/type1/public/amsfonts/symbols/msbm10.p
fb>
Output written on qmprop.pdf (22 pages, 775569 bytes).
PDF statistics:
 272 PDF objects out of 1000 (max. 8388607)
 195 compressed objects within 2 object streams
 0 named destinations out of 1000 (max. 500000)
 66 words of extra memory for PDF output out of 10000 (max. 10000000)

